<?xml version="1.0" encoding="UTF-8"?>
<!-- Generated by org.testng.reporters.JUnitReportReporter -->
<testsuite skipped="0" hostname="DESKTOP-L0S82JM" name="test.LoginTest" tests="1" failures="0" timestamp="04 Mar 2020 04:17:23 GMT" time="14.939" errors="0">
  <testcase name="loginTest" time="14.939" classname="test.LoginTest"/>
</testsuite> <!-- test.LoginTest -->
